 
 -------------- celery@SWAGATOs-MacBook-Pro.local v5.3.6 (emerald-rush)
--- ***** ----- 
-- ******* ---- macOS-26.3-arm64-arm-64bit 2026-04-26 06:30:03
- *** --- * --- 
- ** ---------- [config]
- ** ---------- .> app:         tars:0x106e27090
- ** ---------- .> transport:   redis://localhost:6379/0
- ** ---------- .> results:     redis://localhost:6379/0
- *** --- * --- .> concurrency: 8 (prefork)
-- ******* ---- .> task events: OFF (enable -E to monitor tasks in this worker)
--- ***** ----- 
 -------------- [queues]
                .> celery           exchange=celery(direct) key=celery
                

[tasks]
  . tasks.auto_rollback
  . tasks.compute_daily_impact
  . tasks.compute_metrics_15m
  . tasks.expire_pending_approvals
  . tasks.run_threshold_update
  . tasks.update_attacker_profiles
  . tasks.validate_after_action
  . tasks.weekly_model_health_check

[2026-04-26 06:30:05,379: WARNING/MainProcess] /Users/swagatob/Documents/TARS - Threat Analysis & Response System/TARS/backend/venv/lib/python3.11/site-packages/celery/worker/consumer/consumer.py:507: CPendingDeprecationWarning: The broker_connection_retry configuration setting will no longer determine
whether broker connection retries are made during startup in Celery 6.0 and above.
If you wish to retain the existing behavior for retrying connections on startup,
you should set broker_connection_retry_on_startup to True.
  warnings.warn(

[2026-04-26 06:30:05,498: INFO/MainProcess] Connected to redis://localhost:6379/0
[2026-04-26 06:30:05,499: WARNING/MainProcess] /Users/swagatob/Documents/TARS - Threat Analysis & Response System/TARS/backend/venv/lib/python3.11/site-packages/celery/worker/consumer/consumer.py:507: CPendingDeprecationWarning: The broker_connection_retry configuration setting will no longer determine
whether broker connection retries are made during startup in Celery 6.0 and above.
If you wish to retain the existing behavior for retrying connections on startup,
you should set broker_connection_retry_on_startup to True.
  warnings.warn(

[2026-04-26 06:30:05,506: INFO/MainProcess] mingle: searching for neighbors
[2026-04-26 06:30:06,549: INFO/MainProcess] mingle: all alone
[2026-04-26 06:30:06,571: INFO/MainProcess] celery@SWAGATOs-MacBook-Pro.local ready.
[2026-04-26 06:31:03,985: INFO/MainProcess] Task tasks.expire_pending_approvals[890527b8-acbe-46d5-aa6c-893931a86a86] received
[2026-04-26 06:31:04,021: ERROR/ForkPoolWorker-8] Failed to expire pending approvals
Traceback (most recent call last):
  File "/Users/swagatob/Documents/TARS - Threat Analysis & Response System/TARS/backend/venv/lib/python3.11/site-packages/sqlalchemy/engine/base.py", line 146, in __init__
    self._dbapi_connection = engine.raw_connection()
                             ^^^^^^^^^^^^^^^^^^^^^^^
  File "/Users/swagatob/Documents/TARS - Threat Analysis & Response System/TARS/backend/venv/lib/python3.11/site-packages/sqlalchemy/engine/base.py", line 3304, in raw_connection
    return self.pool.connect()
           ^^^^^^^^^^^^^^^^^^^
  File "/Users/swagatob/Documents/TARS - Threat Analysis & Response System/TARS/backend/venv/lib/python3.11/site-packages/sqlalchemy/pool/base.py", line 449, in connect
    return _ConnectionFairy._checkout(self)
           ^^^^^^^^^^^^^^^^^^^^^^^^^^^^^^^^
  File "/Users/swagatob/Documents/TARS - Threat Analysis & Response System/TARS/backend/venv/lib/python3.11/site-packages/sqlalchemy/pool/base.py", line 1263, in _checkout
    fairy = _ConnectionRecord.checkout(pool)
            ^^^^^^^^^^^^^^^^^^^^^^^^^^^^^^^^
  File "/Users/swagatob/Documents/TARS - Threat Analysis & Response System/TARS/backend/venv/lib/python3.11/site-packages/sqlalchemy/pool/base.py", line 712, in checkout
    rec = pool._do_get()
          ^^^^^^^^^^^^^^
  File "/Users/swagatob/Documents/TARS - Threat Analysis & Response System/TARS/backend/venv/lib/python3.11/site-packages/sqlalchemy/pool/impl.py", line 179, in _do_get
    with util.safe_reraise():
  File "/Users/swagatob/Documents/TARS - Threat Analysis & Response System/TARS/backend/venv/lib/python3.11/site-packages/sqlalchemy/util/langhelpers.py", line 146, in __exit__
    raise exc_value.with_traceback(exc_tb)
  File "/Users/swagatob/Documents/TARS - Threat Analysis & Response System/TARS/backend/venv/lib/python3.11/site-packages/sqlalchemy/pool/impl.py", line 177, in _do_get
    return self._create_connection()
           ^^^^^^^^^^^^^^^^^^^^^^^^^
  File "/Users/swagatob/Documents/TARS - Threat Analysis & Response System/TARS/backend/venv/lib/python3.11/site-packages/sqlalchemy/pool/base.py", line 390, in _create_connection
    return _ConnectionRecord(self)
           ^^^^^^^^^^^^^^^^^^^^^^^
  File "/Users/swagatob/Documents/TARS - Threat Analysis & Response System/TARS/backend/venv/lib/python3.11/site-packages/sqlalchemy/pool/base.py", line 674, in __init__
    self.__connect()
  File "/Users/swagatob/Documents/TARS - Threat Analysis & Response System/TARS/backend/venv/lib/python3.11/site-packages/sqlalchemy/pool/base.py", line 900, in __connect
    with util.safe_reraise():
  File "/Users/swagatob/Documents/TARS - Threat Analysis & Response System/TARS/backend/venv/lib/python3.11/site-packages/sqlalchemy/util/langhelpers.py", line 146, in __exit__
    raise exc_value.with_traceback(exc_tb)
  File "/Users/swagatob/Documents/TARS - Threat Analysis & Response System/TARS/backend/venv/lib/python3.11/site-packages/sqlalchemy/pool/base.py", line 896, in __connect
    self.dbapi_connection = connection = pool._invoke_creator(self)
                                         ^^^^^^^^^^^^^^^^^^^^^^^^^^
  File "/Users/swagatob/Documents/TARS - Threat Analysis & Response System/TARS/backend/venv/lib/python3.11/site-packages/sqlalchemy/engine/create.py", line 643, in connect
    return dialect.connect(*cargs, **cparams)
           ^^^^^^^^^^^^^^^^^^^^^^^^^^^^^^^^^^
  File "/Users/swagatob/Documents/TARS - Threat Analysis & Response System/TARS/backend/venv/lib/python3.11/site-packages/sqlalchemy/engine/default.py", line 617, in connect
    return self.loaded_dbapi.connect(*cargs, **cparams)
           ^^^^^^^^^^^^^^^^^^^^^^^^^^^^^^^^^^^^^^^^^^^^
  File "/Users/swagatob/Documents/TARS - Threat Analysis & Response System/TARS/backend/venv/lib/python3.11/site-packages/psycopg2/__init__.py", line 122, in connect
    conn = _connect(dsn, connection_factory=connection_factory, **kwasync)
           ^^^^^^^^^^^^^^^^^^^^^^^^^^^^^^^^^^^^^^^^^^^^^^^^^^^^^^^^^^^^^^^
psycopg2.OperationalError: connection to server at "localhost" (::1), port 5432 failed: Connection refused
	Is the server running on that host and accepting TCP/IP connections?
connection to server at "localhost" (127.0.0.1), port 5432 failed: Connection refused
	Is the server running on that host and accepting TCP/IP connections?


The above exception was the direct cause of the following exception:

Traceback (most recent call last):
  File "/Users/swagatob/Documents/TARS - Threat Analysis & Response System/TARS/backend/app/safety/approval_handler.py", line 100, in expire_pending_approvals
    expired_entries = session.execute(
                      ^^^^^^^^^^^^^^^^
  File "/Users/swagatob/Documents/TARS - Threat Analysis & Response System/TARS/backend/venv/lib/python3.11/site-packages/sqlalchemy/orm/session.py", line 2306, in execute
    return self._execute_internal(
           ^^^^^^^^^^^^^^^^^^^^^^^
  File "/Users/swagatob/Documents/TARS - Threat Analysis & Response System/TARS/backend/venv/lib/python3.11/site-packages/sqlalchemy/orm/session.py", line 2181, in _execute_internal
    conn = self._connection_for_bind(bind)
           ^^^^^^^^^^^^^^^^^^^^^^^^^^^^^^^
  File "/Users/swagatob/Documents/TARS - Threat Analysis & Response System/TARS/backend/venv/lib/python3.11/site-packages/sqlalchemy/orm/session.py", line 2050, in _connection_for_bind
    return trans._connection_for_bind(engine, execution_options)
           ^^^^^^^^^^^^^^^^^^^^^^^^^^^^^^^^^^^^^^^^^^^^^^^^^^^^^
  File "<string>", line 2, in _connection_for_bind
  File "/Users/swagatob/Documents/TARS - Threat Analysis & Response System/TARS/backend/venv/lib/python3.11/site-packages/sqlalchemy/orm/state_changes.py", line 139, in _go
    ret_value = fn(self, *arg, **kw)
                ^^^^^^^^^^^^^^^^^^^^
  File "/Users/swagatob/Documents/TARS - Threat Analysis & Response System/TARS/backend/venv/lib/python3.11/site-packages/sqlalchemy/orm/session.py", line 1144, in _connection_for_bind
    conn = bind.connect()
           ^^^^^^^^^^^^^^
  File "/Users/swagatob/Documents/TARS - Threat Analysis & Response System/TARS/backend/venv/lib/python3.11/site-packages/sqlalchemy/engine/base.py", line 3280, in connect
    return self._connection_cls(self)
           ^^^^^^^^^^^^^^^^^^^^^^^^^^
  File "/Users/swagatob/Documents/TARS - Threat Analysis & Response System/TARS/backend/venv/lib/python3.11/site-packages/sqlalchemy/engine/base.py", line 148, in __init__
    Connection._handle_dbapi_exception_noconnection(
  File "/Users/swagatob/Documents/TARS - Threat Analysis & Response System/TARS/backend/venv/lib/python3.11/site-packages/sqlalchemy/engine/base.py", line 2444, in _handle_dbapi_exception_noconnection
    raise sqlalchemy_exception.with_traceback(exc_info[2]) from e
  File "/Users/swagatob/Documents/TARS - Threat Analysis & Response System/TARS/backend/venv/lib/python3.11/site-packages/sqlalchemy/engine/base.py", line 146, in __init__
    self._dbapi_connection = engine.raw_connection()
                             ^^^^^^^^^^^^^^^^^^^^^^^
  File "/Users/swagatob/Documents/TARS - Threat Analysis & Response System/TARS/backend/venv/lib/python3.11/site-packages/sqlalchemy/engine/base.py", line 3304, in raw_connection
    return self.pool.connect()
           ^^^^^^^^^^^^^^^^^^^
  File "/Users/swagatob/Documents/TARS - Threat Analysis & Response System/TARS/backend/venv/lib/python3.11/site-packages/sqlalchemy/pool/base.py", line 449, in connect
    return _ConnectionFairy._checkout(self)
           ^^^^^^^^^^^^^^^^^^^^^^^^^^^^^^^^
  File "/Users/swagatob/Documents/TARS - Threat Analysis & Response System/TARS/backend/venv/lib/python3.11/site-packages/sqlalchemy/pool/base.py", line 1263, in _checkout
    fairy = _ConnectionRecord.checkout(pool)
            ^^^^^^^^^^^^^^^^^^^^^^^^^^^^^^^^
  File "/Users/swagatob/Documents/TARS - Threat Analysis & Response System/TARS/backend/venv/lib/python3.11/site-packages/sqlalchemy/pool/base.py", line 712, in checkout
    rec = pool._do_get()
          ^^^^^^^^^^^^^^
  File "/Users/swagatob/Documents/TARS - Threat Analysis & Response System/TARS/backend/venv/lib/python3.11/site-packages/sqlalchemy/pool/impl.py", line 179, in _do_get
    with util.safe_reraise():
  File "/Users/swagatob/Documents/TARS - Threat Analysis & Response System/TARS/backend/venv/lib/python3.11/site-packages/sqlalchemy/util/langhelpers.py", line 146, in __exit__
    raise exc_value.with_traceback(exc_tb)
  File "/Users/swagatob/Documents/TARS - Threat Analysis & Response System/TARS/backend/venv/lib/python3.11/site-packages/sqlalchemy/pool/impl.py", line 177, in _do_get
    return self._create_connection()
           ^^^^^^^^^^^^^^^^^^^^^^^^^
  File "/Users/swagatob/Documents/TARS - Threat Analysis & Response System/TARS/backend/venv/lib/python3.11/site-packages/sqlalchemy/pool/base.py", line 390, in _create_connection
    return _ConnectionRecord(self)
           ^^^^^^^^^^^^^^^^^^^^^^^
  File "/Users/swagatob/Documents/TARS - Threat Analysis & Response System/TARS/backend/venv/lib/python3.11/site-packages/sqlalchemy/pool/base.py", line 674, in __init__
    self.__connect()
  File "/Users/swagatob/Documents/TARS - Threat Analysis & Response System/TARS/backend/venv/lib/python3.11/site-packages/sqlalchemy/pool/base.py", line 900, in __connect
    with util.safe_reraise():
  File "/Users/swagatob/Documents/TARS - Threat Analysis & Response System/TARS/backend/venv/lib/python3.11/site-packages/sqlalchemy/util/langhelpers.py", line 146, in __exit__
    raise exc_value.with_traceback(exc_tb)
  File "/Users/swagatob/Documents/TARS - Threat Analysis & Response System/TARS/backend/venv/lib/python3.11/site-packages/sqlalchemy/pool/base.py", line 896, in __connect
    self.dbapi_connection = connection = pool._invoke_creator(self)
                                         ^^^^^^^^^^^^^^^^^^^^^^^^^^
  File "/Users/swagatob/Documents/TARS - Threat Analysis & Response System/TARS/backend/venv/lib/python3.11/site-packages/sqlalchemy/engine/create.py", line 643, in connect
    return dialect.connect(*cargs, **cparams)
           ^^^^^^^^^^^^^^^^^^^^^^^^^^^^^^^^^^
  File "/Users/swagatob/Documents/TARS - Threat Analysis & Response System/TARS/backend/venv/lib/python3.11/site-packages/sqlalchemy/engine/default.py", line 617, in connect
    return self.loaded_dbapi.connect(*cargs, **cparams)
           ^^^^^^^^^^^^^^^^^^^^^^^^^^^^^^^^^^^^^^^^^^^^
  File "/Users/swagatob/Documents/TARS - Threat Analysis & Response System/TARS/backend/venv/lib/python3.11/site-packages/psycopg2/__init__.py", line 122, in connect
    conn = _connect(dsn, connection_factory=connection_factory, **kwasync)
           ^^^^^^^^^^^^^^^^^^^^^^^^^^^^^^^^^^^^^^^^^^^^^^^^^^^^^^^^^^^^^^^
sqlalchemy.exc.OperationalError: (psycopg2.OperationalError) connection to server at "localhost" (::1), port 5432 failed: Connection refused
	Is the server running on that host and accepting TCP/IP connections?
connection to server at "localhost" (127.0.0.1), port 5432 failed: Connection refused
	Is the server running on that host and accepting TCP/IP connections?

(Background on this error at: https://sqlalche.me/e/20/e3q8)
[2026-04-26 06:31:04,049: INFO/MainProcess] Task tasks.expire_pending_approvals[890527b8-acbe-46d5-aa6c-893931a86a86] received
[2026-04-26 06:31:04,053: INFO/ForkPoolWorker-8] Task tasks.expire_pending_approvals[890527b8-acbe-46d5-aa6c-893931a86a86] retry: Retry in 180s: OperationalError('(psycopg2.OperationalError) connection to server at "localhost" (::1), port 5432 failed: Connection refused\n\tIs the server running on that host and accepting TCP/IP connections?\nconnection to server at "localhost" (127.0.0.1), port 5432 failed: Connection refused\n\tIs the server running on that host and accepting TCP/IP connections?\n')

worker: Warm shutdown (MainProcess)
[2026-04-26 06:31:50,709: WARNING/MainProcess] Restoring 1 unacknowledged message(s)
